Arguments: 
  C:\Program Files\nodejs\node.exe C:\Users\Wuraola\.node\corepack\yarn\1.22.15\bin\yarn.js add @openZeppelin/contracts

PATH: 
  C:\WINDOWS\system32;C:\WINDOWS;C:\WINDOWS\System32\Wbem;C:\WINDOWS\System32\WindowsPowerShell\v1.0\;C:\WINDOWS\System32\OpenSSH\;C:\Users\Git\cmd;C:\Program Files\nodejs\;C:\Users\Wuraola\AppData\Local\Microsoft\WindowsApps;C:\Users\Wuraola\AppData\Roaming\Microsoft\Windows\Start Menu\Programs\Anaconda3 (64-bit);;C:\Users\Wuraola\AppData\Local\Programs\Microsoft VS Code\bin;C:\Users\Wuraola\AppData\Roaming\npm

Yarn version: 
  1.22.15

Node version: 
  14.18.0

Platform: 
  win32 x64

Trace: 
  Error: https://registry.yarnpkg.com/@openZeppelin%2fcontracts: Not found
      at Request.params.callback [as _callback] (C:\Users\Wuraola\.node\corepack\yarn\1.22.15\lib\cli.js:66140:18)
      at Request.self.callback (C:\Users\Wuraola\.node\corepack\yarn\1.22.15\lib\cli.js:140885:22)
      at Request.emit (events.js:400:28)
      at Request.<anonymous> (C:\Users\Wuraola\.node\corepack\yarn\1.22.15\lib\cli.js:141857:10)
      at Request.emit (events.js:400:28)
      at IncomingMessage.<anonymous> (C:\Users\Wuraola\.node\corepack\yarn\1.22.15\lib\cli.js:141779:12)
      at Object.onceWrapper (events.js:519:28)
      at IncomingMessage.emit (events.js:412:35)
      at endReadableNT (internal/streams/readable.js:1334:12)
      at processTicksAndRejections (internal/process/task_queues.js:82:21)

npm manifest: 
  {
    "name": "swapper",
    "version": "1.0.0",
    "main": "index.js",
    "license": "MIT"
  }

yarn manifest: 
  No manifest

Lockfile: 
  No lockfile
